Starting SafeapiStarter using Java 1.8.0_144 on DESKTOP-9A9232T with PID 15880 (D:\code\IDEA_workspace\springboot-safeapi\target\classes started by amazfit in D:\code\IDEA_workspace\springboot-safeapi)
No active profile set, falling back to 1 default profile: "default"
Tomcat initialized with port(s): 8080 (http)
Root WebApplicationContext: initialization completed in 2515 ms
Exception encountered during context initialization - cancelling refresh attempt: org.springframework.beans.factory.UnsatisfiedDependencyException: Error creating bean with name 'testController': Unsatisfied dependency expressed through field 'bookMapper'; nested exception is org.springframework.beans.factory.BeanCreationException: Error creating bean with name 'bookMapper' defined in file [D:\code\IDEA_workspace\springboot-safeapi\target\classes\com\lg\safeapi\mapper\primary\BookMapper.class]: Cannot resolve reference to bean 'sqlSessionFactory' while setting bean property 'sqlSessionFactory'; nested exception is org.springframework.beans.factory.BeanCreationException: Error creating bean with name 'sqlSessionFactory' defined in class path resource [com/lg/safeapi/config/PrimaryDatasourceConfig.class]: Bean instantiation via factory method failed; nested exception is org.springframework.beans.BeanInstantiationException: Failed to instantiate [org.apache.ibatis.session.SqlSessionFactory]: Factory method 'sqlSessionFactory' threw exception; nested exception is java.io.FileNotFoundException: class path resource [classpath:mybatis/config/mybatis-config.xml] cannot be opened because it does not exist


Error starting ApplicationContext. To display the conditions report re-run your application with 'debug' enabled.
Application run failed
org.springframework.beans.factory.UnsatisfiedDependencyException: Error creating bean with name 'testController': Unsatisfied dependency expressed through field 'bookMapper'; nested exception is org.springframework.beans.factory.BeanCreationException: Error creating bean with name 'bookMapper' defined in file [D:\code\IDEA_workspace\springboot-safeapi\target\classes\com\lg\safeapi\mapper\primary\BookMapper.class]: Cannot resolve reference to bean 'sqlSessionFactory' while setting bean property 'sqlSessionFactory'; nested exception is org.springframework.beans.factory.BeanCreationException: Error creating bean with name 'sqlSessionFactory' defined in class path resource [com/lg/safeapi/config/PrimaryDatasourceConfig.class]: Bean instantiation via factory method failed; nested exception is org.springframework.beans.BeanInstantiationException: Failed to instantiate [org.apache.ibatis.session.SqlSessionFactory]: Factory method 'sqlSessionFactory' threw exception; nested exception is java.io.FileNotFoundException: class path resource [classpath:mybatis/config/mybatis-config.xml] cannot be opened because it does not exist
	at org.springframework.beans.factory.annotation.AutowiredAnnotationBeanPostProcessor$AutowiredFieldElement.resolveFieldValue(AutowiredAnnotationBeanPostProcessor.java:659)
	at org.springframework.beans.factory.annotation.AutowiredAnnotationBeanPostProcessor$AutowiredFieldElement.inject(AutowiredAnnotationBeanPostProcessor.java:639)
	at org.springframework.beans.factory.annotation.InjectionMetadata.inject(InjectionMetadata.java:119)
	at org.springframework.beans.factory.annotation.AutowiredAnnotationBeanPostProcessor.postProcessProperties(AutowiredAnnotationBeanPostProcessor.java:399)
	at org.springframework.beans.factory.support.AbstractAutowireCapableBeanFactory.populateBean(AbstractAutowireCapableBeanFactory.java:1431)
	at org.springframework.beans.factory.support.AbstractAutowireCapableBeanFactory.doCreateBean(AbstractAutowireCapableBeanFactory.java:619)
	at org.springframework.beans.factory.support.AbstractAutowireCapableBeanFactory.createBean(AbstractAutowireCapableBeanFactory.java:542)
	at org.springframework.beans.factory.support.AbstractBeanFactory.lambda$doGetBean$0(AbstractBeanFactory.java:335)
	at org.springframework.beans.factory.support.DefaultSingletonBeanRegistry.getSingleton(DefaultSingletonBeanRegistry.java:234)
	at org.springframework.beans.factory.support.AbstractBeanFactory.doGetBean(AbstractBeanFactory.java:333)
	at org.springframework.beans.factory.support.AbstractBeanFactory.getBean(AbstractBeanFactory.java:208)
	at org.springframework.beans.factory.support.DefaultListableBeanFactory.preInstantiateSingletons(DefaultListableBeanFactory.java:953)
	at org.springframework.context.support.AbstractApplicationContext.finishBeanFactoryInitialization(AbstractApplicationContext.java:918)
	at org.springframework.context.support.AbstractApplicationContext.refresh(AbstractApplicationContext.java:583)
	at org.springframework.boot.web.servlet.context.ServletWebServerApplicationContext.refresh(ServletWebServerApplicationContext.java:145)
	at org.springframework.boot.SpringApplication.refresh(SpringApplication.java:740)
	at org.springframework.boot.SpringApplication.refreshContext(SpringApplication.java:415)
	at org.springframework.boot.SpringApplication.run(SpringApplication.java:303)
	at org.springframework.boot.SpringApplication.run(SpringApplication.java:1312)
	at org.springframework.boot.SpringApplication.run(SpringApplication.java:1301)
	at com.lg.safeapi.SafeapiStarter.main(SafeapiStarter.java:21)
Caused by: org.springframework.beans.factory.BeanCreationException: Error creating bean with name 'bookMapper' defined in file [D:\code\IDEA_workspace\springboot-safeapi\target\classes\com\lg\safeapi\mapper\primary\BookMapper.class]: Cannot resolve reference to bean 'sqlSessionFactory' while setting bean property 'sqlSessionFactory'; nested exception is org.springframework.beans.factory.BeanCreationException: Error creating bean with name 'sqlSessionFactory' defined in class path resource [com/lg/safeapi/config/PrimaryDatasourceConfig.class]: Bean instantiation via factory method failed; nested exception is org.springframework.beans.BeanInstantiationException: Failed to instantiate [org.apache.ibatis.session.SqlSessionFactory]: Factory method 'sqlSessionFactory' threw exception; nested exception is java.io.FileNotFoundException: class path resource [classpath:mybatis/config/mybatis-config.xml] cannot be opened because it does not exist
	at org.springframework.beans.factory.support.BeanDefinitionValueResolver.resolveReference(BeanDefinitionValueResolver.java:342)
	at org.springframework.beans.factory.support.BeanDefinitionValueResolver.resolveValueIfNecessary(BeanDefinitionValueResolver.java:113)
	at org.springframework.beans.factory.support.AbstractAutowireCapableBeanFactory.applyPropertyValues(AbstractAutowireCapableBeanFactory.java:1707)
	at org.springframework.beans.factory.support.AbstractAutowireCapableBeanFactory.populateBean(AbstractAutowireCapableBeanFactory.java:1452)
	at org.springframework.beans.factory.support.AbstractAutowireCapableBeanFactory.doCreateBean(AbstractAutowireCapableBeanFactory.java:619)
	at org.springframework.beans.factory.support.AbstractAutowireCapableBeanFactory.createBean(AbstractAutowireCapableBeanFactory.java:542)
	at org.springframework.beans.factory.support.AbstractBeanFactory.lambda$doGetBean$0(AbstractBeanFactory.java:335)
	at org.springframework.beans.factory.support.DefaultSingletonBeanRegistry.getSingleton(DefaultSingletonBeanRegistry.java:234)
	at org.springframework.beans.factory.support.AbstractBeanFactory.doGetBean(AbstractBeanFactory.java:333)
	at org.springframework.beans.factory.support.AbstractBeanFactory.getBean(AbstractBeanFactory.java:208)
	at org.springframework.beans.factory.config.DependencyDescriptor.resolveCandidate(DependencyDescriptor.java:276)
	at org.springframework.beans.factory.support.DefaultListableBeanFactory.doResolveDependency(DefaultListableBeanFactory.java:1389)
	at org.springframework.beans.factory.support.DefaultListableBeanFactory.resolveDependency(DefaultListableBeanFactory.java:1309)
	at org.springframework.beans.factory.annotation.AutowiredAnnotationBeanPostProcessor$AutowiredFieldElement.resolveFieldValue(AutowiredAnnotationBeanPostProcessor.java:656)
	... 20 common frames omitted
Caused by: org.springframework.beans.factory.BeanCreationException: Error creating bean with name 'sqlSessionFactory' defined in class path resource [com/lg/safeapi/config/PrimaryDatasourceConfig.class]: Bean instantiation via factory method failed; nested exception is org.springframework.beans.BeanInstantiationException: Failed to instantiate [org.apache.ibatis.session.SqlSessionFactory]: Factory method 'sqlSessionFactory' threw exception; nested exception is java.io.FileNotFoundException: class path resource [classpath:mybatis/config/mybatis-config.xml] cannot be opened because it does not exist
	at org.springframework.beans.factory.support.ConstructorResolver.instantiate(ConstructorResolver.java:658)
	at org.springframework.beans.factory.support.ConstructorResolver.instantiateUsingFactoryMethod(ConstructorResolver.java:638)
	at org.springframework.beans.factory.support.AbstractAutowireCapableBeanFactory.instantiateUsingFactoryMethod(AbstractAutowireCapableBeanFactory.java:1352)
	at org.springframework.beans.factory.support.AbstractAutowireCapableBeanFactory.createBeanInstance(AbstractAutowireCapableBeanFactory.java:1195)
	at org.springframework.beans.factory.support.AbstractAutowireCapableBeanFactory.doCreateBean(AbstractAutowireCapableBeanFactory.java:582)
	at org.springframework.beans.factory.support.AbstractAutowireCapableBeanFactory.createBean(AbstractAutowireCapableBeanFactory.java:542)
	at org.springframework.beans.factory.support.AbstractBeanFactory.lambda$doGetBean$0(AbstractBeanFactory.java:335)
	at org.springframework.beans.factory.support.DefaultSingletonBeanRegistry.getSingleton(DefaultSingletonBeanRegistry.java:234)
	at org.springframework.beans.factory.support.AbstractBeanFactory.doGetBean(AbstractBeanFactory.java:333)
	at org.springframework.beans.factory.support.AbstractBeanFactory.getBean(AbstractBeanFactory.java:208)
	at org.springframework.beans.factory.support.BeanDefinitionValueResolver.resolveReference(BeanDefinitionValueResolver.java:330)
	... 33 common frames omitted
Caused by: org.springframework.beans.BeanInstantiationException: Failed to instantiate [org.apache.ibatis.session.SqlSessionFactory]: Factory method 'sqlSessionFactory' threw exception; nested exception is java.io.FileNotFoundException: class path resource [classpath:mybatis/config/mybatis-config.xml] cannot be opened because it does not exist
	at org.springframework.beans.factory.support.SimpleInstantiationStrategy.instantiate(SimpleInstantiationStrategy.java:185)
	at org.springframework.beans.factory.support.ConstructorResolver.instantiate(ConstructorResolver.java:653)
	... 43 common frames omitted
Caused by: java.io.FileNotFoundException: class path resource [classpath:mybatis/config/mybatis-config.xml] cannot be opened because it does not exist
	at org.springframework.core.io.ClassPathResource.getInputStream(ClassPathResource.java:199)
	at org.mybatis.spring.SqlSessionFactoryBean.buildSqlSessionFactory(SqlSessionFactoryBean.java:502)
	at org.mybatis.spring.SqlSessionFactoryBean.afterPropertiesSet(SqlSessionFactoryBean.java:475)
	at org.mybatis.spring.SqlSessionFactoryBean.getObject(SqlSessionFactoryBean.java:616)
	at com.lg.safeapi.config.PrimaryDatasourceConfig.sqlSessionFactory(PrimaryDatasourceConfig.java:49)
	at com.lg.safeapi.config.PrimaryDatasourceConfig$$EnhancerBySpringCGLIB$$1f31d926.CGLIB$sqlSessionFactory$1(<generated>)
	at com.lg.safeapi.config.PrimaryDatasourceConfig$$EnhancerBySpringCGLIB$$1f31d926$$FastClassBySpringCGLIB$$3ea1c281.invoke(<generated>)
	at org.springframework.cglib.proxy.MethodProxy.invokeSuper(MethodProxy.java:244)
	at org.springframework.context.annotation.ConfigurationClassEnhancer$BeanMethodInterceptor.intercept(ConfigurationClassEnhancer.java:331)
	at com.lg.safeapi.config.PrimaryDatasourceConfig$$EnhancerBySpringCGLIB$$1f31d926.sqlSessionFactory(<generated>)
	at sun.reflect.NativeMethodAccessorImpl.invoke0(Native Method)
	at sun.reflect.NativeMethodAccessorImpl.invoke(NativeMethodAccessorImpl.java:62)
	at sun.reflect.DelegatingMethodAccessorImpl.invoke(DelegatingMethodAccessorImpl.java:43)
	at java.lang.reflect.Method.invoke(Method.java:498)
	at org.springframework.beans.factory.support.SimpleInstantiationStrategy.instantiate(SimpleInstantiationStrategy.java:154)
	... 44 common frames omitted
Starting SafeapiStarter using Java 1.8.0_144 on DESKTOP-9A9232T with PID 19912 (D:\code\IDEA_workspace\springboot-safeapi\target\classes started by amazfit in D:\code\IDEA_workspace\springboot-safeapi)
No active profile set, falling back to 1 default profile: "default"
Tomcat initialized with port(s): 8080 (http)
Root WebApplicationContext: initialization completed in 1630 ms
Exception encountered during context initialization - cancelling refresh attempt: org.springframework.beans.factory.UnsatisfiedDependencyException: Error creating bean with name 'testController': Unsatisfied dependency expressed through field 'bookMapper'; nested exception is org.springframework.beans.factory.BeanCreationException: Error creating bean with name 'bookMapper' defined in file [D:\code\IDEA_workspace\springboot-safeapi\target\classes\com\lg\safeapi\mapper\primary\BookMapper.class]: Cannot resolve reference to bean 'sqlSessionFactory' while setting bean property 'sqlSessionFactory'; nested exception is org.springframework.beans.factory.BeanCreationException: Error creating bean with name 'sqlSessionFactory' defined in class path resource [com/lg/safeapi/config/PrimaryDatasourceConfig.class]: Bean instantiation via factory method failed; nested exception is org.springframework.beans.BeanInstantiationException: Failed to instantiate [org.apache.ibatis.session.SqlSessionFactory]: Factory method 'sqlSessionFactory' threw exception; nested exception is java.lang.NullPointerException


Error starting ApplicationContext. To display the conditions report re-run your application with 'debug' enabled.
Application run failed
org.springframework.beans.factory.UnsatisfiedDependencyException: Error creating bean with name 'testController': Unsatisfied dependency expressed through field 'bookMapper'; nested exception is org.springframework.beans.factory.BeanCreationException: Error creating bean with name 'bookMapper' defined in file [D:\code\IDEA_workspace\springboot-safeapi\target\classes\com\lg\safeapi\mapper\primary\BookMapper.class]: Cannot resolve reference to bean 'sqlSessionFactory' while setting bean property 'sqlSessionFactory'; nested exception is org.springframework.beans.factory.BeanCreationException: Error creating bean with name 'sqlSessionFactory' defined in class path resource [com/lg/safeapi/config/PrimaryDatasourceConfig.class]: Bean instantiation via factory method failed; nested exception is org.springframework.beans.BeanInstantiationException: Failed to instantiate [org.apache.ibatis.session.SqlSessionFactory]: Factory method 'sqlSessionFactory' threw exception; nested exception is java.lang.NullPointerException
	at org.springframework.beans.factory.annotation.AutowiredAnnotationBeanPostProcessor$AutowiredFieldElement.resolveFieldValue(AutowiredAnnotationBeanPostProcessor.java:659)
	at org.springframework.beans.factory.annotation.AutowiredAnnotationBeanPostProcessor$AutowiredFieldElement.inject(AutowiredAnnotationBeanPostProcessor.java:639)
	at org.springframework.beans.factory.annotation.InjectionMetadata.inject(InjectionMetadata.java:119)
	at org.springframework.beans.factory.annotation.AutowiredAnnotationBeanPostProcessor.postProcessProperties(AutowiredAnnotationBeanPostProcessor.java:399)
	at org.springframework.beans.factory.support.AbstractAutowireCapableBeanFactory.populateBean(AbstractAutowireCapableBeanFactory.java:1431)
	at org.springframework.beans.factory.support.AbstractAutowireCapableBeanFactory.doCreateBean(AbstractAutowireCapableBeanFactory.java:619)
	at org.springframework.beans.factory.support.AbstractAutowireCapableBeanFactory.createBean(AbstractAutowireCapableBeanFactory.java:542)
	at org.springframework.beans.factory.support.AbstractBeanFactory.lambda$doGetBean$0(AbstractBeanFactory.java:335)
	at org.springframework.beans.factory.support.DefaultSingletonBeanRegistry.getSingleton(DefaultSingletonBeanRegistry.java:234)
	at org.springframework.beans.factory.support.AbstractBeanFactory.doGetBean(AbstractBeanFactory.java:333)
	at org.springframework.beans.factory.support.AbstractBeanFactory.getBean(AbstractBeanFactory.java:208)
	at org.springframework.beans.factory.support.DefaultListableBeanFactory.preInstantiateSingletons(DefaultListableBeanFactory.java:953)
	at org.springframework.context.support.AbstractApplicationContext.finishBeanFactoryInitialization(AbstractApplicationContext.java:918)
	at org.springframework.context.support.AbstractApplicationContext.refresh(AbstractApplicationContext.java:583)
	at org.springframework.boot.web.servlet.context.ServletWebServerApplicationContext.refresh(ServletWebServerApplicationContext.java:145)
	at org.springframework.boot.SpringApplication.refresh(SpringApplication.java:740)
	at org.springframework.boot.SpringApplication.refreshContext(SpringApplication.java:415)
	at org.springframework.boot.SpringApplication.run(SpringApplication.java:303)
	at org.springframework.boot.SpringApplication.run(SpringApplication.java:1312)
	at org.springframework.boot.SpringApplication.run(SpringApplication.java:1301)
	at com.lg.safeapi.SafeapiStarter.main(SafeapiStarter.java:21)
Caused by: org.springframework.beans.factory.BeanCreationException: Error creating bean with name 'bookMapper' defined in file [D:\code\IDEA_workspace\springboot-safeapi\target\classes\com\lg\safeapi\mapper\primary\BookMapper.class]: Cannot resolve reference to bean 'sqlSessionFactory' while setting bean property 'sqlSessionFactory'; nested exception is org.springframework.beans.factory.BeanCreationException: Error creating bean with name 'sqlSessionFactory' defined in class path resource [com/lg/safeapi/config/PrimaryDatasourceConfig.class]: Bean instantiation via factory method failed; nested exception is org.springframework.beans.BeanInstantiationException: Failed to instantiate [org.apache.ibatis.session.SqlSessionFactory]: Factory method 'sqlSessionFactory' threw exception; nested exception is java.lang.NullPointerException
	at org.springframework.beans.factory.support.BeanDefinitionValueResolver.resolveReference(BeanDefinitionValueResolver.java:342)
	at org.springframework.beans.factory.support.BeanDefinitionValueResolver.resolveValueIfNecessary(BeanDefinitionValueResolver.java:113)
	at org.springframework.beans.factory.support.AbstractAutowireCapableBeanFactory.applyPropertyValues(AbstractAutowireCapableBeanFactory.java:1707)
	at org.springframework.beans.factory.support.AbstractAutowireCapableBeanFactory.populateBean(AbstractAutowireCapableBeanFactory.java:1452)
	at org.springframework.beans.factory.support.AbstractAutowireCapableBeanFactory.doCreateBean(AbstractAutowireCapableBeanFactory.java:619)
	at org.springframework.beans.factory.support.AbstractAutowireCapableBeanFactory.createBean(AbstractAutowireCapableBeanFactory.java:542)
	at org.springframework.beans.factory.support.AbstractBeanFactory.lambda$doGetBean$0(AbstractBeanFactory.java:335)
	at org.springframework.beans.factory.support.DefaultSingletonBeanRegistry.getSingleton(DefaultSingletonBeanRegistry.java:234)
	at org.springframework.beans.factory.support.AbstractBeanFactory.doGetBean(AbstractBeanFactory.java:333)
	at org.springframework.beans.factory.support.AbstractBeanFactory.getBean(AbstractBeanFactory.java:208)
	at org.springframework.beans.factory.config.DependencyDescriptor.resolveCandidate(DependencyDescriptor.java:276)
	at org.springframework.beans.factory.support.DefaultListableBeanFactory.doResolveDependency(DefaultListableBeanFactory.java:1389)
	at org.springframework.beans.factory.support.DefaultListableBeanFactory.resolveDependency(DefaultListableBeanFactory.java:1309)
	at org.springframework.beans.factory.annotation.AutowiredAnnotationBeanPostProcessor$AutowiredFieldElement.resolveFieldValue(AutowiredAnnotationBeanPostProcessor.java:656)
	... 20 common frames omitted
Caused by: org.springframework.beans.factory.BeanCreationException: Error creating bean with name 'sqlSessionFactory' defined in class path resource [com/lg/safeapi/config/PrimaryDatasourceConfig.class]: Bean instantiation via factory method failed; nested exception is org.springframework.beans.BeanInstantiationException: Failed to instantiate [org.apache.ibatis.session.SqlSessionFactory]: Factory method 'sqlSessionFactory' threw exception; nested exception is java.lang.NullPointerException
	at org.springframework.beans.factory.support.ConstructorResolver.instantiate(ConstructorResolver.java:658)
	at org.springframework.beans.factory.support.ConstructorResolver.instantiateUsingFactoryMethod(ConstructorResolver.java:638)
	at org.springframework.beans.factory.support.AbstractAutowireCapableBeanFactory.instantiateUsingFactoryMethod(AbstractAutowireCapableBeanFactory.java:1352)
	at org.springframework.beans.factory.support.AbstractAutowireCapableBeanFactory.createBeanInstance(AbstractAutowireCapableBeanFactory.java:1195)
	at org.springframework.beans.factory.support.AbstractAutowireCapableBeanFactory.doCreateBean(AbstractAutowireCapableBeanFactory.java:582)
	at org.springframework.beans.factory.support.AbstractAutowireCapableBeanFactory.createBean(AbstractAutowireCapableBeanFactory.java:542)
	at org.springframework.beans.factory.support.AbstractBeanFactory.lambda$doGetBean$0(AbstractBeanFactory.java:335)
	at org.springframework.beans.factory.support.DefaultSingletonBeanRegistry.getSingleton(DefaultSingletonBeanRegistry.java:234)
	at org.springframework.beans.factory.support.AbstractBeanFactory.doGetBean(AbstractBeanFactory.java:333)
	at org.springframework.beans.factory.support.AbstractBeanFactory.getBean(AbstractBeanFactory.java:208)
	at org.springframework.beans.factory.support.BeanDefinitionValueResolver.resolveReference(BeanDefinitionValueResolver.java:330)
	... 33 common frames omitted
Caused by: org.springframework.beans.BeanInstantiationException: Failed to instantiate [org.apache.ibatis.session.SqlSessionFactory]: Factory method 'sqlSessionFactory' threw exception; nested exception is java.lang.NullPointerException
	at org.springframework.beans.factory.support.SimpleInstantiationStrategy.instantiate(SimpleInstantiationStrategy.java:185)
	at org.springframework.beans.factory.support.ConstructorResolver.instantiate(ConstructorResolver.java:653)
	... 43 common frames omitted
Caused by: java.lang.NullPointerException: null
	at com.lg.safeapi.config.PrimaryDatasourceConfig.sqlSessionFactory(PrimaryDatasourceConfig.java:48)
	at com.lg.safeapi.config.PrimaryDatasourceConfig$$EnhancerBySpringCGLIB$$b8f3b824.CGLIB$sqlSessionFactory$1(<generated>)
	at com.lg.safeapi.config.PrimaryDatasourceConfig$$EnhancerBySpringCGLIB$$b8f3b824$$FastClassBySpringCGLIB$$f67f1db0.invoke(<generated>)
	at org.springframework.cglib.proxy.MethodProxy.invokeSuper(MethodProxy.java:244)
	at org.springframework.context.annotation.ConfigurationClassEnhancer$BeanMethodInterceptor.intercept(ConfigurationClassEnhancer.java:331)
	at com.lg.safeapi.config.PrimaryDatasourceConfig$$EnhancerBySpringCGLIB$$b8f3b824.sqlSessionFactory(<generated>)
	at sun.reflect.NativeMethodAccessorImpl.invoke0(Native Method)
	at sun.reflect.NativeMethodAccessorImpl.invoke(NativeMethodAccessorImpl.java:62)
	at sun.reflect.DelegatingMethodAccessorImpl.invoke(DelegatingMethodAccessorImpl.java:43)
	at java.lang.reflect.Method.invoke(Method.java:498)
	at org.springframework.beans.factory.support.SimpleInstantiationStrategy.instantiate(SimpleInstantiationStrategy.java:154)
	... 44 common frames omitted
Starting SafeapiStarter using Java 1.8.0_144 on DESKTOP-9A9232T with PID 21436 (D:\code\IDEA_workspace\springboot-safeapi\target\classes started by amazfit in D:\code\IDEA_workspace\springboot-safeapi)
No active profile set, falling back to 1 default profile: "default"
Tomcat initialized with port(s): 8080 (http)
Root WebApplicationContext: initialization completed in 2094 ms
Exception encountered during context initialization - cancelling refresh attempt: org.springframework.beans.factory.UnsatisfiedDependencyException: Error creating bean with name 'testController': Unsatisfied dependency expressed through field 'bookMapper'; nested exception is org.springframework.beans.factory.BeanCreationException: Error creating bean with name 'bookMapper' defined in file [D:\code\IDEA_workspace\springboot-safeapi\target\classes\com\lg\safeapi\mapper\primary\BookMapper.class]: Cannot resolve reference to bean 'sqlSessionFactory' while setting bean property 'sqlSessionFactory'; nested exception is org.springframework.beans.factory.BeanCreationException: Error creating bean with name 'sqlSessionFactory' defined in class path resource [com/lg/safeapi/config/PrimaryDatasourceConfig.class]: Bean instantiation via factory method failed; nested exception is org.springframework.beans.BeanInstantiationException: Failed to instantiate [org.apache.ibatis.session.SqlSessionFactory]: Factory method 'sqlSessionFactory' threw exception; nested exception is java.lang.NullPointerException


Error starting ApplicationContext. To display the conditions report re-run your application with 'debug' enabled.
Application run failed
org.springframework.beans.factory.UnsatisfiedDependencyException: Error creating bean with name 'testController': Unsatisfied dependency expressed through field 'bookMapper'; nested exception is org.springframework.beans.factory.BeanCreationException: Error creating bean with name 'bookMapper' defined in file [D:\code\IDEA_workspace\springboot-safeapi\target\classes\com\lg\safeapi\mapper\primary\BookMapper.class]: Cannot resolve reference to bean 'sqlSessionFactory' while setting bean property 'sqlSessionFactory'; nested exception is org.springframework.beans.factory.BeanCreationException: Error creating bean with name 'sqlSessionFactory' defined in class path resource [com/lg/safeapi/config/PrimaryDatasourceConfig.class]: Bean instantiation via factory method failed; nested exception is org.springframework.beans.BeanInstantiationException: Failed to instantiate [org.apache.ibatis.session.SqlSessionFactory]: Factory method 'sqlSessionFactory' threw exception; nested exception is java.lang.NullPointerException
	at org.springframework.beans.factory.annotation.AutowiredAnnotationBeanPostProcessor$AutowiredFieldElement.resolveFieldValue(AutowiredAnnotationBeanPostProcessor.java:659)
	at org.springframework.beans.factory.annotation.AutowiredAnnotationBeanPostProcessor$AutowiredFieldElement.inject(AutowiredAnnotationBeanPostProcessor.java:639)
	at org.springframework.beans.factory.annotation.InjectionMetadata.inject(InjectionMetadata.java:119)
	at org.springframework.beans.factory.annotation.AutowiredAnnotationBeanPostProcessor.postProcessProperties(AutowiredAnnotationBeanPostProcessor.java:399)
	at org.springframework.beans.factory.support.AbstractAutowireCapableBeanFactory.populateBean(AbstractAutowireCapableBeanFactory.java:1431)
	at org.springframework.beans.factory.support.AbstractAutowireCapableBeanFactory.doCreateBean(AbstractAutowireCapableBeanFactory.java:619)
	at org.springframework.beans.factory.support.AbstractAutowireCapableBeanFactory.createBean(AbstractAutowireCapableBeanFactory.java:542)
	at org.springframework.beans.factory.support.AbstractBeanFactory.lambda$doGetBean$0(AbstractBeanFactory.java:335)
	at org.springframework.beans.factory.support.DefaultSingletonBeanRegistry.getSingleton(DefaultSingletonBeanRegistry.java:234)
	at org.springframework.beans.factory.support.AbstractBeanFactory.doGetBean(AbstractBeanFactory.java:333)
	at org.springframework.beans.factory.support.AbstractBeanFactory.getBean(AbstractBeanFactory.java:208)
	at org.springframework.beans.factory.support.DefaultListableBeanFactory.preInstantiateSingletons(DefaultListableBeanFactory.java:953)
	at org.springframework.context.support.AbstractApplicationContext.finishBeanFactoryInitialization(AbstractApplicationContext.java:918)
	at org.springframework.context.support.AbstractApplicationContext.refresh(AbstractApplicationContext.java:583)
	at org.springframework.boot.web.servlet.context.ServletWebServerApplicationContext.refresh(ServletWebServerApplicationContext.java:145)
	at org.springframework.boot.SpringApplication.refresh(SpringApplication.java:740)
	at org.springframework.boot.SpringApplication.refreshContext(SpringApplication.java:415)
	at org.springframework.boot.SpringApplication.run(SpringApplication.java:303)
	at org.springframework.boot.SpringApplication.run(SpringApplication.java:1312)
	at org.springframework.boot.SpringApplication.run(SpringApplication.java:1301)
	at com.lg.safeapi.SafeapiStarter.main(SafeapiStarter.java:21)
Caused by: org.springframework.beans.factory.BeanCreationException: Error creating bean with name 'bookMapper' defined in file [D:\code\IDEA_workspace\springboot-safeapi\target\classes\com\lg\safeapi\mapper\primary\BookMapper.class]: Cannot resolve reference to bean 'sqlSessionFactory' while setting bean property 'sqlSessionFactory'; nested exception is org.springframework.beans.factory.BeanCreationException: Error creating bean with name 'sqlSessionFactory' defined in class path resource [com/lg/safeapi/config/PrimaryDatasourceConfig.class]: Bean instantiation via factory method failed; nested exception is org.springframework.beans.BeanInstantiationException: Failed to instantiate [org.apache.ibatis.session.SqlSessionFactory]: Factory method 'sqlSessionFactory' threw exception; nested exception is java.lang.NullPointerException
	at org.springframework.beans.factory.support.BeanDefinitionValueResolver.resolveReference(BeanDefinitionValueResolver.java:342)
	at org.springframework.beans.factory.support.BeanDefinitionValueResolver.resolveValueIfNecessary(BeanDefinitionValueResolver.java:113)
	at org.springframework.beans.factory.support.AbstractAutowireCapableBeanFactory.applyPropertyValues(AbstractAutowireCapableBeanFactory.java:1707)
	at org.springframework.beans.factory.support.AbstractAutowireCapableBeanFactory.populateBean(AbstractAutowireCapableBeanFactory.java:1452)
	at org.springframework.beans.factory.support.AbstractAutowireCapableBeanFactory.doCreateBean(AbstractAutowireCapableBeanFactory.java:619)
	at org.springframework.beans.factory.support.AbstractAutowireCapableBeanFactory.createBean(AbstractAutowireCapableBeanFactory.java:542)
	at org.springframework.beans.factory.support.AbstractBeanFactory.lambda$doGetBean$0(AbstractBeanFactory.java:335)
	at org.springframework.beans.factory.support.DefaultSingletonBeanRegistry.getSingleton(DefaultSingletonBeanRegistry.java:234)
	at org.springframework.beans.factory.support.AbstractBeanFactory.doGetBean(AbstractBeanFactory.java:333)
	at org.springframework.beans.factory.support.AbstractBeanFactory.getBean(AbstractBeanFactory.java:208)
	at org.springframework.beans.factory.config.DependencyDescriptor.resolveCandidate(DependencyDescriptor.java:276)
	at org.springframework.beans.factory.support.DefaultListableBeanFactory.doResolveDependency(DefaultListableBeanFactory.java:1389)
	at org.springframework.beans.factory.support.DefaultListableBeanFactory.resolveDependency(DefaultListableBeanFactory.java:1309)
	at org.springframework.beans.factory.annotation.AutowiredAnnotationBeanPostProcessor$AutowiredFieldElement.resolveFieldValue(AutowiredAnnotationBeanPostProcessor.java:656)
	... 20 common frames omitted
Caused by: org.springframework.beans.factory.BeanCreationException: Error creating bean with name 'sqlSessionFactory' defined in class path resource [com/lg/safeapi/config/PrimaryDatasourceConfig.class]: Bean instantiation via factory method failed; nested exception is org.springframework.beans.BeanInstantiationException: Failed to instantiate [org.apache.ibatis.session.SqlSessionFactory]: Factory method 'sqlSessionFactory' threw exception; nested exception is java.lang.NullPointerException
	at org.springframework.beans.factory.support.ConstructorResolver.instantiate(ConstructorResolver.java:658)
	at org.springframework.beans.factory.support.ConstructorResolver.instantiateUsingFactoryMethod(ConstructorResolver.java:638)
	at org.springframework.beans.factory.support.AbstractAutowireCapableBeanFactory.instantiateUsingFactoryMethod(AbstractAutowireCapableBeanFactory.java:1352)
	at org.springframework.beans.factory.support.AbstractAutowireCapableBeanFactory.createBeanInstance(AbstractAutowireCapableBeanFactory.java:1195)
	at org.springframework.beans.factory.support.AbstractAutowireCapableBeanFactory.doCreateBean(AbstractAutowireCapableBeanFactory.java:582)
	at org.springframework.beans.factory.support.AbstractAutowireCapableBeanFactory.createBean(AbstractAutowireCapableBeanFactory.java:542)
	at org.springframework.beans.factory.support.AbstractBeanFactory.lambda$doGetBean$0(AbstractBeanFactory.java:335)
	at org.springframework.beans.factory.support.DefaultSingletonBeanRegistry.getSingleton(DefaultSingletonBeanRegistry.java:234)
	at org.springframework.beans.factory.support.AbstractBeanFactory.doGetBean(AbstractBeanFactory.java:333)
	at org.springframework.beans.factory.support.AbstractBeanFactory.getBean(AbstractBeanFactory.java:208)
	at org.springframework.beans.factory.support.BeanDefinitionValueResolver.resolveReference(BeanDefinitionValueResolver.java:330)
	... 33 common frames omitted
Caused by: org.springframework.beans.BeanInstantiationException: Failed to instantiate [org.apache.ibatis.session.SqlSessionFactory]: Factory method 'sqlSessionFactory' threw exception; nested exception is java.lang.NullPointerException
	at org.springframework.beans.factory.support.SimpleInstantiationStrategy.instantiate(SimpleInstantiationStrategy.java:185)
	at org.springframework.beans.factory.support.ConstructorResolver.instantiate(ConstructorResolver.java:653)
	... 43 common frames omitted
Caused by: java.lang.NullPointerException: null
	at com.lg.safeapi.config.PrimaryDatasourceConfig.sqlSessionFactory(PrimaryDatasourceConfig.java:48)
	at com.lg.safeapi.config.PrimaryDatasourceConfig$$EnhancerBySpringCGLIB$$19490f8e.CGLIB$sqlSessionFactory$1(<generated>)
	at com.lg.safeapi.config.PrimaryDatasourceConfig$$EnhancerBySpringCGLIB$$19490f8e$$FastClassBySpringCGLIB$$f437f345.invoke(<generated>)
	at org.springframework.cglib.proxy.MethodProxy.invokeSuper(MethodProxy.java:244)
	at org.springframework.context.annotation.ConfigurationClassEnhancer$BeanMethodInterceptor.intercept(ConfigurationClassEnhancer.java:331)
	at com.lg.safeapi.config.PrimaryDatasourceConfig$$EnhancerBySpringCGLIB$$19490f8e.sqlSessionFactory(<generated>)
	at sun.reflect.NativeMethodAccessorImpl.invoke0(Native Method)
	at sun.reflect.NativeMethodAccessorImpl.invoke(NativeMethodAccessorImpl.java:62)
	at sun.reflect.DelegatingMethodAccessorImpl.invoke(DelegatingMethodAccessorImpl.java:43)
	at java.lang.reflect.Method.invoke(Method.java:498)
	at org.springframework.beans.factory.support.SimpleInstantiationStrategy.instantiate(SimpleInstantiationStrategy.java:154)
	... 44 common frames omitted
Starting SafeapiStarter using Java 1.8.0_144 on DESKTOP-9A9232T with PID 25104 (D:\code\IDEA_workspace\springboot-safeapi\target\classes started by amazfit in D:\code\IDEA_workspace\springboot-safeapi)
No active profile set, falling back to 1 default profile: "default"
Tomcat initialized with port(s): 8080 (http)
Root WebApplicationContext: initialization completed in 1743 ms
Exposing 11 endpoint(s) beneath base path '/actuator'
Tomcat started on port(s): 8080 (http) with context path ''
Started SafeapiStarter in 5.004 seconds (JVM running for 6.775)
主函数启动：success
Initializing Servlet 'dispatcherServlet'
Completed initialization in 2 ms
HikariPool-1 - Starting...
HikariPool-1 - Start completed.
HikariPool-2 - Starting...
HikariPool-2 - Start completed.
最终不带占位符的可直接执行sql：HikariProxyPreparedStatement@1762252453 wrapping com.mysql.cj.jdbc.ClientPreparedStatement: select * from book;
最终不带占位符的可直接执行sql：HikariProxyPreparedStatement@1762252453 wrapping com.mysql.cj.jdbc.ClientPreparedStatement: select * from book;
最终不带占位符的可直接执行sql：HikariProxyPreparedStatement@1813438839 wrapping com.mysql.cj.jdbc.ClientPreparedStatement: select * from book;
最终不带占位符的可直接执行sql：HikariProxyPreparedStatement@1813438839 wrapping com.mysql.cj.jdbc.ClientPreparedStatement: select * from book;
最终不带占位符的可直接执行sql：HikariProxyPreparedStatement@218523340 wrapping com.mysql.cj.jdbc.ClientPreparedStatement: select * from book;
最终不带占位符的可直接执行sql：HikariProxyPreparedStatement@218523340 wrapping com.mysql.cj.jdbc.ClientPreparedStatement: select * from book;
最终不带占位符的可直接执行sql：HikariProxyPreparedStatement@372162330 wrapping com.mysql.cj.jdbc.ClientPreparedStatement: select * from book;
最终不带占位符的可直接执行sql：HikariProxyPreparedStatement@372162330 wrapping com.mysql.cj.jdbc.ClientPreparedStatement: select * from book;
最终不带占位符的可直接执行sql：HikariProxyPreparedStatement@841914772 wrapping com.mysql.cj.jdbc.ClientPreparedStatement: select * from user;
最终不带占位符的可直接执行sql：HikariProxyPreparedStatement@841914772 wrapping com.mysql.cj.jdbc.ClientPreparedStatement: select * from user;
HikariPool-2 - Shutdown initiated...
HikariPool-2 - Shutdown completed.
HikariPool-1 - Shutdown initiated...
HikariPool-1 - Shutdown completed.
Starting SafeapiStarter using Java 1.8.0_144 on DESKTOP-9A9232T with PID 29888 (D:\code\IDEA_workspace\springboot-safeapi\target\classes started by amazfit in D:\code\IDEA_workspace\springboot-safeapi)
No active profile set, falling back to 1 default profile: "default"
Tomcat initialized with port(s): 8080 (http)
Root WebApplicationContext: initialization completed in 1653 ms
Exposing 11 endpoint(s) beneath base path '/actuator'
Tomcat started on port(s): 8080 (http) with context path ''
Started SafeapiStarter in 3.784 seconds (JVM running for 5.422)
主函数启动：success
HikariPool-1 - Starting...
HikariPool-1 - Start completed.
Initializing Servlet 'dispatcherServlet'
Completed initialization in 1 ms
HikariPool-2 - Starting...
HikariPool-2 - Start completed.
==>  Preparing: select * from book; 
最终不带占位符的可直接执行sql：HikariProxyPreparedStatement@1933872339 wrapping com.mysql.cj.jdbc.ClientPreparedStatement: select * from book;
最终不带占位符的可直接执行sql：HikariProxyPreparedStatement@1933872339 wrapping com.mysql.cj.jdbc.ClientPreparedStatement: select * from book;
==> Parameters: 
<==      Total: 2
==>  Preparing: select * from book; 
最终不带占位符的可直接执行sql：HikariProxyPreparedStatement@1020842936 wrapping com.mysql.cj.jdbc.ClientPreparedStatement: select * from book;
最终不带占位符的可直接执行sql：HikariProxyPreparedStatement@1020842936 wrapping com.mysql.cj.jdbc.ClientPreparedStatement: select * from book;
==> Parameters: 
<==      Total: 2
HikariPool-2 - Shutdown initiated...
HikariPool-2 - Shutdown completed.
HikariPool-1 - Shutdown initiated...
HikariPool-1 - Shutdown completed.
Starting SafeapiStarter using Java 1.8.0_144 on DESKTOP-9A9232T with PID 27568 (D:\code\IDEA_workspace\springboot-safeapi\target\classes started by amazfit in D:\code\IDEA_workspace\springboot-safeapi)
No active profile set, falling back to 1 default profile: "default"
Tomcat initialized with port(s): 8080 (http)
Root WebApplicationContext: initialization completed in 1792 ms
Exposing 11 endpoint(s) beneath base path '/actuator'
Tomcat started on port(s): 8080 (http) with context path ''
Started SafeapiStarter in 4.19 seconds (JVM running for 5.685)
主函数启动：success
Initializing Servlet 'dispatcherServlet'
Completed initialization in 3 ms
HikariPool-1 - Starting...
HikariPool-1 - Start completed.
HikariPool-2 - Starting...
HikariPool-2 - Start completed.
==>  Preparing: select * from book; 
最终不带占位符的可直接执行sql：HikariProxyPreparedStatement@1402472214 wrapping com.mysql.cj.jdbc.ClientPreparedStatement: select * from book;
最终不带占位符的可直接执行sql：HikariProxyPreparedStatement@1402472214 wrapping com.mysql.cj.jdbc.ClientPreparedStatement: select * from book;
==> Parameters: 
<==      Total: 2
==>  Preparing: select * from book; 
最终不带占位符的可直接执行sql：HikariProxyPreparedStatement@1261645234 wrapping com.mysql.cj.jdbc.ClientPreparedStatement: select * from book;
最终不带占位符的可直接执行sql：HikariProxyPreparedStatement@1261645234 wrapping com.mysql.cj.jdbc.ClientPreparedStatement: select * from book;
==> Parameters: 
<==      Total: 2
==>  Preparing: select * from book; 
最终不带占位符的可直接执行sql：HikariProxyPreparedStatement@1357538895 wrapping com.mysql.cj.jdbc.ClientPreparedStatement: select * from book;
最终不带占位符的可直接执行sql：HikariProxyPreparedStatement@1357538895 wrapping com.mysql.cj.jdbc.ClientPreparedStatement: select * from book;
==> Parameters: 
<==      Total: 2
==>  Preparing: select * from book; 
最终不带占位符的可直接执行sql：HikariProxyPreparedStatement@1272125614 wrapping com.mysql.cj.jdbc.ClientPreparedStatement: select * from book;
最终不带占位符的可直接执行sql：HikariProxyPreparedStatement@1272125614 wrapping com.mysql.cj.jdbc.ClientPreparedStatement: select * from book;
==> Parameters: 
<==      Total: 2
HikariPool-2 - Shutdown initiated...
HikariPool-2 - Shutdown completed.
HikariPool-1 - Shutdown initiated...
HikariPool-1 - Shutdown completed.
